+ java -cp './bristlecone/bin/../lib/ApacheJMeter_core.jar:./bristlecone/bin/../lib/ApacheJMeter_java.jar:./bristlecone/bin/../lib/bristlecone.jar:./bristlecone/bin/../lib/classes12.jar:./bristlecone/bin/../lib/commons-logging.jar:./bristlecone/bin/../lib/dom4j-1.6.1.jar:./bristlecone/bin/../lib/jcommon-1.0.15.jar:./bristlecone/bin/../lib/jfreechart-1.0.12.jar:./bristlecone/bin/../lib/jline-0.9.94.jar:./bristlecone/bin/../lib/junit.jar:./bristlecone/bin/../lib/log4j.jar:./bristlecone/bin/../lib/logkit-1.2.jar:./bristlecone/bin/../lib/mysql-connector-java-5.1.16.jar:./bristlecone/bin/../lib/tungsten-common-src.jar:./bristlecone/bin/../lib/tungsten-common.jar:./bristlecone/bin/../lib-ext/derby.jar:./bristlecone/bin/../lib-ext/drizzle-jdbc-0.9-SNAPSHOT.jar:./bristlecone/bin/../lib-ext/hsqldb.jar:./bristlecone/bin/../lib-ext/postgresql-8.4-702.jdbc3.jar:./bristlecone/bin/../lib-ext/tungsten-fsm-src.jar:./bristlecone/bin/../lib-ext/tungsten-fsm.jar:./bristlecone/bin/../../tungsten-connector/lib/*.jar:./bristlecone/bin/../config:./bristlecone/bin/../../cluster-home/conf:./bristlecone/bin/../config' -Dwrapper.java.pid=76525 -Dtungsten.router.name=evaluator -Drouter.properties=./bristlecone/bin/../config/router.properties -Djava.net.preferIPv4Stack=true com.continuent.bristlecone.evaluator.Evaluator load_config.xml
18:39:11,759 INFO  Database initialization starting
18:39:16,999 ERROR SQL error: The MySQL server is running with the --read-only option so it cannot execute this statement
com.continuent.bristlecone.evaluator.EvaluatorException: Could not initialize the DB: The MySQL server is running with the --read-only option so it cannot execute this statement
	at com.continuent.bristlecone.evaluator.Evaluator.initializeDB(Evaluator.java:883)
	at com.continuent.bristlecone.evaluator.Evaluator.initializeDB(Evaluator.java:739)
	at com.continuent.bristlecone.evaluator.Evaluator.initialize(Evaluator.java:297)
	at com.continuent.bristlecone.evaluator.Evaluator.run(Evaluator.java:281)
	at com.continuent.bristlecone.evaluator.Evaluator.main(Evaluator.java:249)
Caused by: java.sql.SQLException: The MySQL server is running with the --read-only option so it cannot execute this statement
	at com.mysql.jdbc.SQLError.createSQLException(SQLError.java:1073)
	at com.mysql.jdbc.MysqlIO.checkErrorPacket(MysqlIO.java:3597)
	at com.mysql.jdbc.MysqlIO.checkErrorPacket(MysqlIO.java:3529)
	at com.mysql.jdbc.MysqlIO.sendCommand(MysqlIO.java:1990)
	at com.mysql.jdbc.MysqlIO.sqlQueryDirect(MysqlIO.java:2151)
	at com.mysql.jdbc.ConnectionImpl.execSQL(ConnectionImpl.java:2619)
	at com.mysql.jdbc.StatementImpl.executeUpdate(StatementImpl.java:1698)
	at com.mysql.jdbc.StatementImpl.executeUpdate(StatementImpl.java:1617)
	at com.continuent.bristlecone.evaluator.Evaluator.initializeDB(Evaluator.java:799)
	... 4 more
Exception in thread "main" java.lang.Error: com.continuent.bristlecone.evaluator.EvaluatorException: Could not initialize the DB: The MySQL server is running with the --read-only option so it cannot execute this statement
	at com.continuent.bristlecone.evaluator.Evaluator.run(Evaluator.java:286)
	at com.continuent.bristlecone.evaluator.Evaluator.main(Evaluator.java:249)
Caused by: com.continuent.bristlecone.evaluator.EvaluatorException: Could not initialize the DB: The MySQL server is running with the --read-only option so it cannot execute this statement
	at com.continuent.bristlecone.evaluator.Evaluator.initializeDB(Evaluator.java:883)
	at com.continuent.bristlecone.evaluator.Evaluator.initializeDB(Evaluator.java:739)
	at com.continuent.bristlecone.evaluator.Evaluator.initialize(Evaluator.java:297)
	at com.continuent.bristlecone.evaluator.Evaluator.run(Evaluator.java:281)
	... 1 more
Caused by: java.sql.SQLException: The MySQL server is running with the --read-only option so it cannot execute this statement
	at com.mysql.jdbc.SQLError.createSQLException(SQLError.java:1073)
	at com.mysql.jdbc.MysqlIO.checkErrorPacket(MysqlIO.java:3597)
	at com.mysql.jdbc.MysqlIO.checkErrorPacket(MysqlIO.java:3529)
	at com.mysql.jdbc.MysqlIO.sendCommand(MysqlIO.java:1990)
	at com.mysql.jdbc.MysqlIO.sqlQueryDirect(MysqlIO.java:2151)
	at com.mysql.jdbc.ConnectionImpl.execSQL(ConnectionImpl.java:2619)
	at com.mysql.jdbc.StatementImpl.executeUpdate(StatementImpl.java:1698)
	at com.mysql.jdbc.StatementImpl.executeUpdate(StatementImpl.java:1617)
	at com.continuent.bristlecone.evaluator.Evaluator.initializeDB(Evaluator.java:799)
	... 4 more
