"time", "users", "average response time", "queries Per Second", "label", "queries", "rows read", "updates", "deletes", "inserts", "interval"
1, 3, 0, 0, "Jul 29, 2013 4:00:48 PM", 0, 0, 0, 0, 0, 1
2, 3, 2, 229, "Jul 29, 2013 4:00:50 PM", 229, 51663, 12, 10, 12, 1
3, 3, 2, 222, "Jul 29, 2013 4:00:52 PM", 222, 61573, 17, 16, 15, 1
4, 3, 2, 231, "Jul 29, 2013 4:00:54 PM", 231, 69485, 15, 13, 20, 1
5, 3, 2, 239, "Jul 29, 2013 4:00:56 PM", 239, 69591, 11, 11, 9, 1
6, 3, 2, 213, "Jul 29, 2013 4:00:58 PM", 213, 62767, 15, 13, 11, 1
7, 3, 0, 0, "Jul 29, 2013 4:01:00 PM", 0, 0, 0, 0, 0, 1
8, 3, 0, 0, "Jul 29, 2013 4:01:02 PM", 0, 0, 0, 0, 0, 1
9, 3, 2, 229, "Jul 29, 2013 4:01:04 PM", 229, 66004, 11, 18, 18, 1
10, 3, 2, 222, "Jul 29, 2013 4:01:06 PM", 222, 61832, 10, 14, 24, 1
11, 3, 2, 201, "Jul 29, 2013 4:01:08 PM", 201, 56845, 12, 7, 14, 1
12, 3, 0, 0, "Jul 29, 2013 4:01:10 PM", 0, 0, 0, 0, 0, 1
13, 3, 0, 0, "Jul 29, 2013 4:01:12 PM", 0, 0, 0, 0, 0, 1
14, 3, 2, 205, "Jul 29, 2013 4:01:14 PM", 205, 60443, 16, 14, 10, 1
15, 3, 2, 233, "Jul 29, 2013 4:01:16 PM", 233, 66518, 17, 18, 11, 1
16, 6, 2, 228, "Jul 29, 2013 4:01:18 PM", 228, 65933, 13, 17, 10, 1
17, 6, 2, 241, "Jul 29, 2013 4:01:20 PM", 241, 69592, 9, 16, 13, 1
18, 6, 2, 242, "Jul 29, 2013 4:01:22 PM", 242, 66154, 10, 18, 20, 1
19, 6, 4, 334, "Jul 29, 2013 4:01:24 PM", 334, 174333, 10, 13, 9, 1
20, 6, 3, 400, "Jul 29, 2013 4:01:26 PM", 400, 170021, 32, 34, 36, 1
21, 6, 3, 282, "Jul 29, 2013 4:01:28 PM", 282, 118654, 21, 21, 24, 1
22, 6, 0, 0, "Jul 29, 2013 4:01:30 PM", 0, 0, 0, 0, 0, 1
23, 6, 0, 0, "Jul 29, 2013 4:01:32 PM", 0, 0, 0, 0, 0, 1
24, 6, 2, 418, "Jul 29, 2013 4:01:34 PM", 418, 115576, 25, 36, 31, 1
25, 6, 2, 435, "Jul 29, 2013 4:01:36 PM", 435, 118781, 26, 34, 29, 1
26, 6, 2, 278, "Jul 29, 2013 4:01:38 PM", 278, 73801, 17, 22, 20, 1
27, 6, 0, 0, "Jul 29, 2013 4:01:40 PM", 0, 0, 0, 0, 0, 1
28, 6, 0, 0, "Jul 29, 2013 4:01:42 PM", 0, 0, 0, 0, 0, 1
29, 6, 2, 410, "Jul 29, 2013 4:01:44 PM", 410, 121520, 24, 22, 28, 1
30, 6, 2, 439, "Jul 29, 2013 4:01:46 PM", 439, 116103, 28, 17, 29, 1
31, 8, 2, 346, "Jul 29, 2013 4:01:48 PM", 346, 70571, 30, 31, 18, 1
32, 8, 1, 187, "Jul 29, 2013 4:01:51 PM", 187, 0, 21, 20, 13, 1
33, 8, 1, 154, "Jul 29, 2013 4:01:53 PM", 154, 0, 15, 17, 12, 1
34, 8, 4, 493, "Jul 29, 2013 4:01:55 PM", 493, 195425, 36, 42, 52, 1
35, 8, 4, 492, "Jul 29, 2013 4:01:57 PM", 492, 188295, 41, 45, 36, 1
36, 8, 4, 256, "Jul 29, 2013 4:01:59 PM", 256, 112190, 15, 22, 18, 1
37, 8, 0, 0, "Jul 29, 2013 4:02:01 PM", 0, 0, 0, 0, 0, 1
38, 8, 0, 0, "Jul 29, 2013 4:02:03 PM", 0, 0, 0, 0, 0, 1
39, 8, 2, 385, "Jul 29, 2013 4:02:05 PM", 385, 65519, 23, 32, 31, 1
40, 8, 1, 405, "Jul 29, 2013 4:02:07 PM", 405, 62376, 37, 33, 38, 1
41, 8, 2, 163, "Jul 29, 2013 4:02:09 PM", 163, 28716, 17, 14, 12, 1
42, 8, 0, 0, "Jul 29, 2013 4:02:11 PM", 0, 0, 0, 0, 0, 1
43, 8, 0, 0, "Jul 29, 2013 4:02:13 PM", 0, 0, 0, 0, 0, 1
44, 8, 3, 491, "Jul 29, 2013 4:02:15 PM", 491, 127926, 31, 33, 45, 1
45, 8, 3, 524, "Jul 29, 2013 4:02:17 PM", 524, 150451, 38, 41, 40, 1
46, 9, 3, 331, "Jul 29, 2013 4:02:19 PM", 331, 86470, 27, 24, 35, 1
47, 9, 1, 75, "Jul 29, 2013 4:02:21 PM", 75, 0, 18, 13, 10, 1
48, 9, 1, 81, "Jul 29, 2013 4:02:23 PM", 81, 0, 16, 13, 11, 1
49, 9, 6, 496, "Jul 29, 2013 4:02:25 PM", 496, 201026, 50, 63, 64, 1
50, 9, 7, 441, "Jul 29, 2013 4:02:27 PM", 441, 209853, 44, 54, 40, 1
51, 9, 7, 164, "Jul 29, 2013 4:02:29 PM", 164, 85271, 15, 18, 16, 1
52, 9, 0, 0, "Jul 29, 2013 4:02:31 PM", 0, 0, 0, 0, 0, 1
53, 9, 1, 26, "Jul 29, 2013 4:02:33 PM", 26, 0, 12, 7, 6, 1
54, 9, 1, 746, "Jul 29, 2013 4:02:35 PM", 746, 0, 60, 40, 56, 1
55, 9, 5, 650, "Jul 29, 2013 4:02:37 PM", 650, 2, 40, 50, 42, 1
56, 9, 1, 224, "Jul 29, 2013 4:02:39 PM", 224, 0, 10, 18, 15, 1
57, 9, 0, 0, "Jul 29, 2013 4:02:41 PM", 0, 0, 0, 0, 0, 1
58, 9, 1, 47, "Jul 29, 2013 4:02:43 PM", 47, 0, 8, 9, 14, 1
59, 9, 3, 609, "Jul 29, 2013 4:02:45 PM", 609, 145677, 52, 62, 67, 1
60, 9, 3, 593, "Jul 29, 2013 4:02:47 PM", 593, 150106, 45, 52, 57, 1
61, 10, 2, 228, "Jul 29, 2013 4:02:49 PM", 228, 46716, 25, 25, 23, 1
62, 10, 1, 80, "Jul 29, 2013 4:02:51 PM", 80, 0, 20, 11, 12, 1
63, 10, 1, 146, "Jul 29, 2013 4:02:53 PM", 146, 0, 26, 31, 19, 1
64, 10, 6, 543, "Jul 29, 2013 4:02:55 PM", 543, 200482, 71, 65, 60, 1
65, 10, 7, 551, "Jul 29, 2013 4:02:57 PM", 551, 192682, 70, 67, 71, 1
66, 10, 6, 98, "Jul 29, 2013 4:02:59 PM", 98, 55488, 12, 7, 5, 1
67, 10, 0, 0, "Jul 29, 2013 4:03:01 PM", 0, 0, 0, 0, 0, 1
68, 10, 1, 138, "Jul 29, 2013 4:03:03 PM", 138, 0, 31, 35, 23, 1
69, 10, 1, 808, "Jul 29, 2013 4:03:05 PM", 808, 1, 78, 66, 68, 1
70, 10, 1, 709, "Jul 29, 2013 4:03:07 PM", 709, 0, 39, 40, 42, 1
71, 10, 2, 80, "Jul 29, 2013 4:03:09 PM", 80, 0, 3, 4, 7, 1
72, 10, 0, 0, "Jul 29, 2013 4:03:11 PM", 0, 0, 0, 0, 0, 1
73, 10, 1, 143, "Jul 29, 2013 4:03:13 PM", 143, 0, 21, 22, 26, 1
74, 10, 3, 686, "Jul 29, 2013 4:03:15 PM", 686, 157993, 89, 64, 63, 1
75, 10, 3, 670, "Jul 29, 2013 4:03:17 PM", 670, 144540, 59, 65, 65, 1
76, 10, 3, 44, "Jul 29, 2013 4:03:19 PM", 44, 14769, 6, 2, 4, 1
77, 10, 0, 0, "Jul 29, 2013 4:03:21 PM", 0, 0, 0, 0, 0, 1
78, 10, 1, 156, "Jul 29, 2013 4:03:23 PM", 156, 0, 32, 33, 29, 1
79, 10, 6, 568, "Jul 29, 2013 4:03:25 PM", 568, 191565, 60, 72, 74, 1
80, 10, 7, 514, "Jul 29, 2013 4:03:27 PM", 514, 185763, 64, 55, 83, 1
81, 10, 5, 21, "Jul 29, 2013 4:03:29 PM", 21, 13931, 1, 0, 1, 1
82, 10, 0, 0, "Jul 29, 2013 4:03:31 PM", 0, 0, 0, 0, 0, 1
83, 10, 1, 155, "Jul 29, 2013 4:03:33 PM", 155, 0, 25, 32, 32, 1
84, 10, 1, 784, "Jul 29, 2013 4:03:35 PM", 784, 0, 76, 65, 80, 1
85, 10, 1, 648, "Jul 29, 2013 4:03:37 PM", 648, 0, 43, 46, 30, 1
86, 10, 1, 13, "Jul 29, 2013 4:03:39 PM", 13, 0, 2, 1, 0, 1
87, 10, 0, 0, "Jul 29, 2013 4:03:41 PM", 0, 0, 0, 0, 0, 1
88, 10, 1, 147, "Jul 29, 2013 4:03:43 PM", 147, 0, 32, 26, 38, 1
89, 10, 3, 658, "Jul 29, 2013 4:03:45 PM", 658, 147752, 61, 65, 70, 1
90, 10, 3, 623, "Jul 29, 2013 4:03:47 PM", 623, 155919, 61, 58, 68, 1
91, 10, 5, 1, "Jul 29, 2013 4:03:49 PM", 1, 1218, 0, 0, 0, 1
92, 10, 0, 0, "Jul 29, 2013 4:03:51 PM", 0, 0, 0, 0, 0, 1
93, 10, 2, 203, "Jul 29, 2013 4:03:53 PM", 203, 24296, 43, 42, 40, 1
94, 10, 6, 489, "Jul 29, 2013 4:03:55 PM", 489, 228914, 34, 53, 47, 1
95, 10, 6, 497, "Jul 29, 2013 4:03:57 PM", 497, 197426, 59, 49, 61, 1
96, 10, 0, 0, "Jul 29, 2013 4:03:59 PM", 0, 0, 0, 0, 0, 1
97, 10, 0, 0, "Jul 29, 2013 4:04:01 PM", 0, 0, 0, 0, 0, 1
98, 10, 1, 250, "Jul 29, 2013 4:04:04 PM", 250, 18743, 32, 35, 35, 1
99, 10, 1, 802, "Jul 29, 2013 4:04:06 PM", 802, 54834, 80, 75, 63, 1
100, 10, 2, 674, "Jul 29, 2013 4:04:08 PM", 674, 54984, 63, 49, 53, 1
101, 10, 0, 0, "Jul 29, 2013 4:04:10 PM", 0, 0, 0, 0, 0, 1
102, 10, 0, 0, "Jul 29, 2013 4:04:12 PM", 0, 0, 0, 0, 0, 1
103, 10, 2, 277, "Jul 29, 2013 4:04:14 PM", 277, 34357, 44, 38, 36, 1
104, 10, 3, 668, "Jul 29, 2013 4:04:16 PM", 668, 139973, 92, 72, 81, 1
105, 10, 4, 610, "Jul 29, 2013 4:04:18 PM", 610, 138688, 65, 62, 56, 1
106, 10, 0, 0, "Jul 29, 2013 4:04:20 PM", 0, 0, 0, 0, 0, 1
107, 10, 0, 0, "Jul 29, 2013 4:04:22 PM", 0, 0, 0, 0, 0, 1
108, 10, 4, 273, "Jul 29, 2013 4:04:24 PM", 273, 59087, 40, 44, 31, 1
109, 10, 7, 517, "Jul 29, 2013 4:04:26 PM", 517, 191540, 65, 67, 64, 1
110, 10, 8, 422, "Jul 29, 2013 4:04:28 PM", 422, 195419, 51, 51, 51, 1
111, 10, 0, 0, "Jul 29, 2013 4:04:30 PM", 0, 0, 0, 0, 0, 1
112, 10, 0, 0, "Jul 29, 2013 4:04:32 PM", 0, 0, 0, 0, 0, 1
113, 10, 1, 269, "Jul 29, 2013 4:04:34 PM", 269, 0, 41, 42, 34, 1
114, 10, 1, 828, "Jul 29, 2013 4:04:36 PM", 828, 0, 76, 69, 74, 1
115, 10, 1, 699, "Jul 29, 2013 4:04:38 PM", 699, 2, 48, 64, 52, 1
116, 10, 0, 0, "Jul 29, 2013 4:04:40 PM", 0, 0, 0, 0, 0, 1
117, 10, 0, 0, "Jul 29, 2013 4:04:42 PM", 0, 0, 0, 0, 0, 1
118, 10, 3, 371, "Jul 29, 2013 4:04:44 PM", 371, 56293, 51, 50, 47, 1
119, 10, 3, 670, "Jul 29, 2013 4:04:46 PM", 670, 145088, 78, 70, 56, 1
120, 10, 3, 590, "Jul 29, 2013 4:04:48 PM", 590, 154853, 51, 41, 50, 1
121, 10, 0, 0, "Jul 29, 2013 4:04:50 PM", 0, 0, 0, 0, 0, 1
122, 10, 0, 0, "Jul 29, 2013 4:04:52 PM", 0, 0, 0, 0, 0, 1
123, 10, 4, 306, "Jul 29, 2013 4:04:54 PM", 306, 73694, 45, 49, 47, 1
124, 10, 6, 565, "Jul 29, 2013 4:04:56 PM", 565, 198877, 81, 73, 68, 1
125, 10, 6, 481, "Jul 29, 2013 4:04:58 PM", 481, 221762, 47, 47, 51, 1
126, 10, 0, 0, "Jul 29, 2013 4:05:00 PM", 0, 0, 0, 0, 0, 1
127, 10, 0, 0, "Jul 29, 2013 4:05:02 PM", 0, 0, 0, 0, 0, 1
128, 10, 1, 330, "Jul 29, 2013 4:05:04 PM", 330, 2, 37, 52, 40, 1
129, 10, 1, 714, "Jul 29, 2013 4:05:06 PM", 714, 3, 65, 66, 64, 1
130, 10, 1, 618, "Jul 29, 2013 4:05:08 PM", 618, 2, 42, 46, 47, 1
131, 10, 0, 0, "Jul 29, 2013 4:05:10 PM", 0, 0, 0, 0, 0, 1
132, 10, 0, 0, "Jul 29, 2013 4:05:12 PM", 0, 0, 0, 0, 0, 1
133, 10, 2, 383, "Jul 29, 2013 4:05:14 PM", 383, 34157, 45, 53, 40, 1
134, 10, 2, 739, "Jul 29, 2013 4:05:16 PM", 739, 107139, 64, 81, 61, 1
135, 10, 2, 612, "Jul 29, 2013 4:05:18 PM", 612, 112857, 57, 47, 44, 1
136, 10, 0, 0, "Jul 29, 2013 4:05:20 PM", 0, 0, 0, 0, 0, 1
137, 10, 0, 0, "Jul 29, 2013 4:05:22 PM", 0, 0, 0, 0, 0, 1
138, 10, 5, 420, "Jul 29, 2013 4:05:24 PM", 420, 140492, 52, 55, 61, 1
139, 10, 6, 546, "Jul 29, 2013 4:05:26 PM", 546, 188896, 76, 73, 80, 1
140, 10, 6, 474, "Jul 29, 2013 4:05:28 PM", 474, 221054, 38, 62, 48, 1
141, 10, 0, 0, "Jul 29, 2013 4:05:30 PM", 0, 0, 0, 0, 0, 1
142, 10, 0, 0, "Jul 29, 2013 4:05:32 PM", 0, 0, 0, 0, 0, 1
143, 10, 1, 630, "Jul 29, 2013 4:05:34 PM", 630, 2, 53, 68, 56, 1
144, 10, 1, 815, "Jul 29, 2013 4:05:36 PM", 815, 1, 84, 74, 71, 1
145, 10, 1, 685, "Jul 29, 2013 4:05:38 PM", 685, 2, 43, 44, 42, 1
146, 10, 0, 0, "Jul 29, 2013 4:05:40 PM", 0, 0, 0, 0, 0, 1
147, 10, 0, 0, "Jul 29, 2013 4:05:42 PM", 0, 0, 0, 0, 0, 1
148, 10, 3, 582, "Jul 29, 2013 4:05:44 PM", 582, 100647, 69, 62, 65, 1
149, 10, 3, 673, "Jul 29, 2013 4:05:46 PM", 673, 137964, 72, 74, 68, 1
150, 10, 3, 526, "Jul 29, 2013 4:05:48 PM", 526, 160272, 52, 35, 45, 1
151, 10, 0, 0, "Jul 29, 2013 4:05:50 PM", 0, 0, 0, 0, 0, 1
152, 10, 1, 1, "Jul 29, 2013 4:05:52 PM", 1, 0, 1, 0, 1, 1
153, 10, 5, 516, "Jul 29, 2013 4:05:54 PM", 516, 184124, 63, 65, 61, 1
154, 10, 6, 577, "Jul 29, 2013 4:05:56 PM", 577, 200278, 73, 63, 82, 1
155, 10, 6, 455, "Jul 29, 2013 4:05:58 PM", 455, 228636, 45, 47, 38, 1
156, 10, 0, 0, "Jul 29, 2013 4:06:00 PM", 0, 0, 0, 0, 0, 1
157, 10, 1, 16, "Jul 29, 2013 4:06:02 PM", 16, 0, 4, 6, 3, 1
158, 10, 1, 761, "Jul 29, 2013 4:06:04 PM", 761, 0, 69, 82, 75, 1
159, 10, 1, 814, "Jul 29, 2013 4:06:06 PM", 814, 0, 75, 68, 74, 1
160, 10, 1, 628, "Jul 29, 2013 4:06:08 PM", 628, 0, 40, 41, 30, 1
161, 10, 0, 0, "Jul 29, 2013 4:06:10 PM", 0, 0, 0, 0, 0, 1
162, 10, 1, 24, "Jul 29, 2013 4:06:13 PM", 24, 0, 5, 7, 8, 1
163, 10, 3, 650, "Jul 29, 2013 4:06:15 PM", 650, 132504, 74, 63, 72, 1
164, 10, 3, 663, "Jul 29, 2013 4:06:17 PM", 663, 139391, 80, 64, 68, 1
165, 10, 3, 497, "Jul 29, 2013 4:06:19 PM", 497, 159805, 32, 44, 32, 1
166, 10, 0, 0, "Jul 29, 2013 4:06:21 PM", 0, 0, 0, 0, 0, 1
167, 10, 1, 35, "Jul 29, 2013 4:06:23 PM", 35, 0, 7, 5, 6, 1
168, 10, 8, 488, "Jul 29, 2013 4:06:25 PM", 488, 147079, 66, 73, 59, 1
169, 10, 7, 537, "Jul 29, 2013 4:06:27 PM", 537, 187687, 70, 69, 82, 1
170, 10, 7, 356, "Jul 29, 2013 4:06:29 PM", 356, 198545, 28, 32, 34, 1
171, 10, 0, 0, "Jul 29, 2013 4:06:31 PM", 0, 0, 0, 0, 0, 1
172, 10, 1, 49, "Jul 29, 2013 4:06:33 PM", 49, 0, 11, 11, 8, 1
173, 10, 2, 731, "Jul 29, 2013 4:06:35 PM", 731, 44537, 63, 86, 65, 1
174, 10, 2, 750, "Jul 29, 2013 4:06:37 PM", 750, 53494, 66, 77, 75, 1
175, 10, 1, 490, "Jul 29, 2013 4:06:39 PM", 490, 37588, 38, 33, 27, 1
176, 10, 0, 0, "Jul 29, 2013 4:06:41 PM", 0, 0, 0, 0, 0, 1
177, 10, 1, 12, "Jul 29, 2013 4:06:43 PM", 12, 0, 2, 2, 4, 1
178, 10, 4, 641, "Jul 29, 2013 4:06:45 PM", 641, 132867, 70, 88, 68, 1
179, 10, 3, 667, "Jul 29, 2013 4:06:47 PM", 667, 142052, 81, 62, 60, 1
180, 10, 3, 381, "Jul 29, 2013 4:06:49 PM", 381, 120883, 26, 26, 33, 1
181, 10, 0, 0, "Jul 29, 2013 4:06:51 PM", 0, 0, 0, 0, 0, 1
182, 10, 1, 64, "Jul 29, 2013 4:06:53 PM", 64, 0, 11, 12, 13, 1
183, 10, 6, 516, "Jul 29, 2013 4:06:55 PM", 516, 196678, 64, 59, 72, 1
184, 10, 6, 567, "Jul 29, 2013 4:06:57 PM", 567, 190102, 70, 69, 66, 1
185, 10, 6, 296, "Jul 29, 2013 4:06:59 PM", 296, 158394, 22, 28, 22, 1
186, 10, 0, 0, "Jul 29, 2013 4:07:01 PM", 0, 0, 0, 0, 0, 1
187, 10, 1, 83, "Jul 29, 2013 4:07:03 PM", 83, 0, 18, 13, 14, 1
188, 10, 2, 748, "Jul 29, 2013 4:07:05 PM", 748, 52160, 71, 80, 64, 1
189, 10, 2, 766, "Jul 29, 2013 4:07:07 PM", 766, 50615, 60, 75, 68, 1
190, 10, 1, 366, "Jul 29, 2013 4:07:09 PM", 366, 30739, 27, 24, 21, 1
191, 10, 0, 0, "Jul 29, 2013 4:07:11 PM", 0, 0, 0, 0, 0, 1
192, 10, 1, 57, "Jul 29, 2013 4:07:13 PM", 57, 0, 11, 9, 8, 1
193, 10, 4, 631, "Jul 29, 2013 4:07:15 PM", 631, 115360, 61, 61, 64, 1
194, 10, 4, 656, "Jul 29, 2013 4:07:17 PM", 656, 137350, 73, 64, 64, 1
195, 10, 3, 291, "Jul 29, 2013 4:07:19 PM", 291, 88266, 31, 25, 23, 1
196, 10, 0, 0, "Jul 29, 2013 4:07:21 PM", 0, 0, 0, 0, 0, 1
197, 10, 1, 98, "Jul 29, 2013 4:07:23 PM", 98, 0, 25, 23, 19, 1
198, 10, 6, 527, "Jul 29, 2013 4:07:25 PM", 527, 203545, 62, 64, 69, 1
199, 10, 6, 557, "Jul 29, 2013 4:07:27 PM", 557, 209454, 70, 70, 70, 1
200, 10, 6, 192, "Jul 29, 2013 4:07:29 PM", 192, 102621, 19, 16, 24, 1
201, 10, 0, 0, "Jul 29, 2013 4:07:31 PM", 0, 0, 0, 0, 0, 1
202, 10, 1, 100, "Jul 29, 2013 4:07:33 PM", 100, 0, 19, 29, 16, 1
203, 10, 2, 745, "Jul 29, 2013 4:07:35 PM", 745, 54506, 61, 83, 63, 1
204, 10, 1, 788, "Jul 29, 2013 4:07:37 PM", 788, 54193, 63, 73, 62, 1
205, 10, 1, 213, "Jul 29, 2013 4:07:39 PM", 213, 15477, 13, 13, 17, 1
206, 10, 0, 0, "Jul 29, 2013 4:07:41 PM", 0, 0, 0, 0, 0, 1
207, 10, 1, 84, "Jul 29, 2013 4:07:43 PM", 84, 0, 14, 21, 16, 1
208, 10, 2, 633, "Jul 29, 2013 4:07:45 PM", 633, 100881, 71, 73, 67, 1
209, 10, 3, 629, "Jul 29, 2013 4:07:47 PM", 629, 98241, 78, 81, 70, 1
210, 10, 2, 149, "Jul 29, 2013 4:07:49 PM", 149, 36282, 7, 9, 9, 1
211, 10, 0, 0, "Jul 29, 2013 4:07:51 PM", 0, 0, 0, 0, 0, 1
212, 10, 1, 136, "Jul 29, 2013 4:07:53 PM", 136, 0, 30, 26, 22, 1
213, 10, 7, 500, "Jul 29, 2013 4:07:55 PM", 500, 187875, 65, 65, 62, 1
214, 10, 8, 485, "Jul 29, 2013 4:07:57 PM", 485, 185426, 75, 50, 77, 1
215, 10, 6, 108, "Jul 29, 2013 4:07:59 PM", 108, 70844, 6, 12, 12, 1
216, 10, 0, 0, "Jul 29, 2013 4:08:01 PM", 0, 0, 0, 0, 0, 1
217, 10, 1, 100, "Jul 29, 2013 4:08:03 PM", 100, 0, 18, 24, 18, 1
218, 10, 2, 761, "Jul 29, 2013 4:08:05 PM", 761, 50465, 68, 76, 72, 1
219, 10, 2, 611, "Jul 29, 2013 4:08:07 PM", 611, 59064, 36, 45, 46, 1
220, 10, 1, 116, "Jul 29, 2013 4:08:09 PM", 116, 3440, 10, 5, 7, 1
221, 10, 0, 0, "Jul 29, 2013 4:08:11 PM", 0, 0, 0, 0, 0, 1
222, 10, 1, 157, "Jul 29, 2013 4:08:13 PM", 157, 0, 31, 31, 28, 1
223, 10, 1, 675, "Jul 29, 2013 4:08:15 PM", 675, 0, 33, 50, 53, 1
224, 10, 1, 797, "Jul 29, 2013 4:08:17 PM", 797, 0, 67, 83, 74, 1
225, 10, 1, 79, "Jul 29, 2013 4:08:19 PM", 79, 0, 6, 4, 4, 1
226, 10, 0, 0, "Jul 29, 2013 4:08:21 PM", 0, 0, 0, 0, 0, 1
227, 10, 1, 31, "Jul 29, 2013 4:08:24 PM", 31, 0, 7, 5, 8, 1
228, 10, 3, 684, "Jul 29, 2013 4:08:26 PM", 684, 139584, 69, 81, 61, 1
229, 10, 3, 645, "Jul 29, 2013 4:08:28 PM", 645, 141393, 54, 79, 64, 1
230, 10, 3, 37, "Jul 29, 2013 4:08:30 PM", 37, 19735, 2, 2, 6, 1
231, 10, 0, 0, "Jul 29, 2013 4:08:32 PM", 0, 0, 0, 0, 0, 1
232, 10, 1, 169, "Jul 29, 2013 4:08:34 PM", 169, 2415, 28, 34, 39, 1
233, 10, 2, 733, "Jul 29, 2013 4:08:36 PM", 733, 49563, 59, 72, 57, 1
234, 10, 2, 738, "Jul 29, 2013 4:08:38 PM", 738, 54409, 75, 61, 67, 1
235, 10, 1, 22, "Jul 29, 2013 4:08:40 PM", 22, 0, 2, 2, 1, 1
236, 10, 0, 0, "Jul 29, 2013 4:08:42 PM", 0, 0, 0, 0, 0, 1
237, 10, 1, 183, "Jul 29, 2013 4:08:44 PM", 183, 0, 30, 32, 26, 1
238, 10, 1, 772, "Jul 29, 2013 4:08:46 PM", 772, 0, 66, 59, 70, 1
239, 10, 1, 753, "Jul 29, 2013 4:08:48 PM", 753, 0, 64, 52, 56, 1
240, 10, 1, 7, "Jul 29, 2013 4:08:50 PM", 7, 0, 0, 0, 0, 1
241, 10, 0, 0, "Jul 29, 2013 4:08:52 PM", 0, 0, 0, 0, 0, 1
242, 10, 2, 214, "Jul 29, 2013 4:08:54 PM", 214, 18818, 39, 44, 43, 1
243, 10, 6, 541, "Jul 29, 2013 4:08:56 PM", 541, 203124, 56, 64, 53, 1
244, 10, 7, 502, "Jul 29, 2013 4:08:58 PM", 502, 193191, 63, 59, 72, 1
245, 10, 4, 2, "Jul 29, 2013 4:09:00 PM", 2, 1620, 0, 0, 0, 1
246, 10, 0, 0, "Jul 29, 2013 4:09:02 PM", 0, 0, 0, 0, 0, 1
247, 10, 1, 263, "Jul 29, 2013 4:09:04 PM", 263, 15757, 33, 45, 32, 1
248, 10, 2, 760, "Jul 29, 2013 4:09:06 PM", 760, 52310, 70, 76, 77, 1
249, 10, 1, 703, "Jul 29, 2013 4:09:08 PM", 703, 56927, 55, 63, 60, 1
250, 10, 0, 0, "Jul 29, 2013 4:09:10 PM", 0, 0, 0, 0, 0, 1
251, 10, 0, 0, "Jul 29, 2013 4:09:12 PM", 0, 0, 0, 0, 0, 1
252, 10, 1, 309, "Jul 29, 2013 4:09:14 PM", 309, 0, 47, 40, 31, 1
253, 10, 1, 790, "Jul 29, 2013 4:09:16 PM", 790, 0, 78, 75, 74, 1
254, 10, 1, 699, "Jul 29, 2013 4:09:18 PM", 699, 0, 49, 62, 49, 1
255, 10, 0, 0, "Jul 29, 2013 4:09:20 PM", 0, 0, 0, 0, 0, 1
256, 10, 0, 0, "Jul 29, 2013 4:09:22 PM", 0, 0, 0, 0, 0, 1
257, 10, 3, 289, "Jul 29, 2013 4:09:24 PM", 289, 55953, 44, 46, 42, 1
258, 10, 6, 551, "Jul 29, 2013 4:09:26 PM", 551, 201228, 82, 59, 80, 1
259, 10, 6, 495, "Jul 29, 2013 4:09:28 PM", 495, 212787, 49, 52, 56, 1
260, 10, 0, 0, "Jul 29, 2013 4:09:30 PM", 0, 0, 0, 0, 0, 1
261, 10, 0, 0, "Jul 29, 2013 4:09:32 PM", 0, 0, 0, 0, 0, 1
262, 10, 1, 396, "Jul 29, 2013 4:09:34 PM", 396, 27203, 48, 49, 42, 1
263, 10, 1, 735, "Jul 29, 2013 4:09:36 PM", 735, 55975, 78, 78, 62, 1
264, 10, 2, 676, "Jul 29, 2013 4:09:38 PM", 676, 55084, 50, 50, 63, 1
265, 10, 0, 0, "Jul 29, 2013 4:09:40 PM", 0, 0, 0, 0, 0, 1
266, 10, 0, 0, "Jul 29, 2013 4:09:42 PM", 0, 0, 0, 0, 0, 1
267, 10, 1, 431, "Jul 29, 2013 4:09:44 PM", 431, 0, 41, 48, 41, 1
268, 10, 1, 791, "Jul 29, 2013 4:09:46 PM", 791, 4, 76, 83, 68, 1
269, 10, 1, 690, "Jul 29, 2013 4:09:48 PM", 690, 2, 44, 52, 46, 1
270, 10, 0, 0, "Jul 29, 2013 4:09:50 PM", 0, 0, 0, 0, 0, 1
271, 10, 0, 0, "Jul 29, 2013 4:09:52 PM", 0, 0, 0, 0, 0, 1
272, 10, 4, 355, "Jul 29, 2013 4:09:54 PM", 355, 92277, 54, 46, 61, 1
273, 10, 7, 508, "Jul 29, 2013 4:09:56 PM", 508, 176413, 73, 67, 73, 1
274, 10, 7, 466, "Jul 29, 2013 4:09:58 PM", 466, 196697, 50, 60, 39, 1
275, 10, 0, 0, "Jul 29, 2013 4:10:00 PM", 0, 0, 0, 0, 0, 1
276, 10, 0, 0, "Jul 29, 2013 4:10:02 PM", 0, 0, 0, 0, 0, 1
277, 10, 2, 491, "Jul 29, 2013 4:10:04 PM", 491, 36602, 59, 56, 67, 1
278, 10, 2, 740, "Jul 29, 2013 4:10:06 PM", 740, 55672, 73, 62, 68, 1
279, 10, 2, 658, "Jul 29, 2013 4:10:08 PM", 658, 59274, 51, 52, 53, 1
280, 10, 0, 0, "Jul 29, 2013 4:10:10 PM", 0, 0, 0, 0, 0, 1
281, 10, 0, 0, "Jul 29, 2013 4:10:12 PM", 0, 0, 0, 0, 0, 1
282, 10, 1, 570, "Jul 29, 2013 4:10:14 PM", 570, 2, 61, 49, 60, 1
283, 10, 1, 762, "Jul 29, 2013 4:10:16 PM", 762, 0, 59, 64, 55, 1
284, 10, 1, 661, "Jul 29, 2013 4:10:18 PM", 661, 0, 44, 41, 47, 1
285, 10, 0, 0, "Jul 29, 2013 4:10:20 PM", 0, 0, 0, 0, 0, 1
286, 10, 0, 0, "Jul 29, 2013 4:10:22 PM", 0, 0, 0, 0, 0, 1
287, 10, 6, 386, "Jul 29, 2013 4:10:24 PM", 386, 127954, 49, 53, 53, 1
288, 10, 7, 519, "Jul 29, 2013 4:10:26 PM", 519, 157365, 68, 75, 56, 1
289, 10, 7, 438, "Jul 29, 2013 4:10:28 PM", 438, 220614, 44, 48, 36, 1
290, 10, 0, 0, "Jul 29, 2013 4:10:30 PM", 0, 0, 0, 0, 0, 1
291, 10, 0, 0, "Jul 29, 2013 4:10:33 PM", 0, 0, 0, 0, 0, 1
292, 10, 1, 538, "Jul 29, 2013 4:10:35 PM", 538, 0, 61, 58, 55, 1
293, 10, 1, 806, "Jul 29, 2013 4:10:37 PM", 806, 0, 76, 67, 69, 1
294, 10, 1, 644, "Jul 29, 2013 4:10:39 PM", 644, 2, 40, 32, 38, 1
295, 10, 0, 0, "Jul 29, 2013 4:10:41 PM", 0, 0, 0, 0, 0, 1
296, 10, 0, 0, "Jul 29, 2013 4:10:43 PM", 0, 0, 0, 0, 0, 1
297, 10, 3, 489, "Jul 29, 2013 4:10:45 PM", 489, 81052, 60, 59, 49, 1
298, 10, 3, 649, "Jul 29, 2013 4:10:47 PM", 649, 152652, 71, 57, 67, 1
299, 10, 3, 548, "Jul 29, 2013 4:10:49 PM", 548, 145538, 48, 42, 42, 1
300, 10, 0, 0, "Jul 29, 2013 4:10:51 PM", 0, 0, 0, 0, 0, 1
301, 10, 0, 0, "Jul 29, 2013 4:10:53 PM", 0, 0, 0, 0, 0, 1
302, 10, 4, 406, "Jul 29, 2013 4:10:55 PM", 406, 102532, 59, 68, 62, 1
303, 10, 5, 535, "Jul 29, 2013 4:10:57 PM", 535, 174347, 66, 66, 71, 1
304, 10, 5, 390, "Jul 29, 2013 4:10:59 PM", 390, 199813, 33, 41, 33, 1
305, 10, 0, 0, "Jul 29, 2013 4:11:01 PM", 0, 0, 0, 0, 0, 1
306, 10, 0, 0, "Jul 29, 2013 4:11:03 PM", 0, 0, 0, 0, 0, 1
307, 10, 1, 700, "Jul 29, 2013 4:11:05 PM", 700, 0, 61, 54, 73, 1
308, 10, 1, 804, "Jul 29, 2013 4:11:07 PM", 804, 0, 64, 66, 76, 1
309, 10, 1, 640, "Jul 29, 2013 4:11:09 PM", 640, 2, 37, 48, 46, 1
310, 10, 0, 0, "Jul 29, 2013 4:11:11 PM", 0, 0, 0, 0, 0, 1
311, 10, 0, 0, "Jul 29, 2013 4:11:13 PM", 0, 0, 0, 0, 0, 1
312, 10, 3, 529, "Jul 29, 2013 4:11:15 PM", 529, 98261, 59, 71, 77, 1
313, 10, 3, 640, "Jul 29, 2013 4:11:17 PM", 640, 137761, 64, 76, 60, 1
314, 10, 3, 511, "Jul 29, 2013 4:11:19 PM", 511, 144713, 43, 33, 29, 1
315, 10, 0, 0, "Jul 29, 2013 4:11:21 PM", 0, 0, 0, 0, 0, 1
316, 10, 1, 12, "Jul 29, 2013 4:11:23 PM", 12, 0, 1, 2, 1, 1
317, 10, 6, 452, "Jul 29, 2013 4:11:25 PM", 452, 130557, 58, 70, 65, 1
318, 10, 7, 517, "Jul 29, 2013 4:11:27 PM", 517, 172880, 67, 71, 60, 1
319, 10, 8, 339, "Jul 29, 2013 4:11:29 PM", 339, 201689, 29, 29, 27, 1
320, 10, 0, 0, "Jul 29, 2013 4:11:31 PM", 0, 0, 0, 0, 0, 1
321, 10, 1, 22, "Jul 29, 2013 4:11:33 PM", 22, 0, 7, 7, 6, 1
322, 10, 1, 744, "Jul 29, 2013 4:11:35 PM", 744, 6, 82, 63, 70, 1
323, 10, 1, 784, "Jul 29, 2013 4:11:37 PM", 784, 0, 63, 84, 83, 1
324, 10, 1, 535, "Jul 29, 2013 4:11:39 PM", 535, 0, 24, 29, 31, 1
325, 10, 0, 0, "Jul 29, 2013 4:11:41 PM", 0, 0, 0, 0, 0, 1
326, 10, 1, 33, "Jul 29, 2013 4:11:43 PM", 33, 0, 11, 6, 6, 1
327, 10, 3, 652, "Jul 29, 2013 4:11:45 PM", 652, 128570, 71, 80, 73, 1
328, 10, 3, 694, "Jul 29, 2013 4:11:47 PM", 694, 141087, 70, 61, 65, 1
329, 10, 3, 403, "Jul 29, 2013 4:11:49 PM", 403, 120741, 33, 30, 25, 1
330, 10, 0, 0, "Jul 29, 2013 4:11:51 PM", 0, 0, 0, 0, 0, 1
331, 10, 1, 38, "Jul 29, 2013 4:11:53 PM", 38, 0, 7, 7, 8, 1
332, 10, 4, 492, "Jul 29, 2013 4:11:55 PM", 492, 134677, 80, 65, 80, 1
333, 10, 4, 493, "Jul 29, 2013 4:11:57 PM", 493, 144214, 73, 71, 72, 1
334, 10, 4, 253, "Jul 29, 2013 4:11:59 PM", 253, 121157, 25, 30, 24, 1
335, 10, 0, 0, "Jul 29, 2013 4:12:01 PM", 0, 0, 0, 0, 0, 1
336, 10, 1, 72, "Jul 29, 2013 4:12:03 PM", 72, 0, 15, 17, 19, 1
337, 10, 2, 779, "Jul 29, 2013 4:12:05 PM", 779, 57881, 58, 62, 75, 1
338, 10, 2, 760, "Jul 29, 2013 4:12:07 PM", 760, 52426, 57, 74, 66, 1
339, 10, 1, 387, "Jul 29, 2013 4:12:09 PM", 387, 30901, 19, 26, 19, 1
340, 10, 0, 0, "Jul 29, 2013 4:12:11 PM", 0, 0, 0, 0, 0, 1
341, 10, 1, 60, "Jul 29, 2013 4:12:13 PM", 60, 0, 10, 11, 13, 1
342, 10, 3, 654, "Jul 29, 2013 4:12:15 PM", 654, 150041, 69, 67, 71, 1
343, 10, 4, 630, "Jul 29, 2013 4:12:17 PM", 630, 129178, 54, 63, 62, 1
344, 10, 3, 313, "Jul 29, 2013 4:12:19 PM", 313, 93335, 27, 18, 10, 1
345, 10, 0, 0, "Jul 29, 2013 4:12:21 PM", 0, 0, 0, 0, 0, 1
346, 10, 1, 83, "Jul 29, 2013 4:12:23 PM", 83, 0, 12, 15, 11, 1
347, 10, 6, 571, "Jul 29, 2013 4:12:25 PM", 571, 191485, 67, 73, 70, 1
348, 10, 6, 537, "Jul 29, 2013 4:12:27 PM", 537, 186517, 72, 65, 61, 1
349, 10, 7, 197, "Jul 29, 2013 4:12:29 PM", 197, 123022, 13, 7, 12, 1
350, 10, 0, 0, "Jul 29, 2013 4:12:31 PM", 0, 0, 0, 0, 0, 1
351, 10, 1, 90, "Jul 29, 2013 4:12:33 PM", 90, 0, 19, 24, 12, 1
352, 10, 1, 785, "Jul 29, 2013 4:12:35 PM", 785, 2, 62, 66, 76, 1
353, 10, 1, 794, "Jul 29, 2013 4:12:37 PM", 794, 2, 58, 69, 58, 1
354, 10, 1, 253, "Jul 29, 2013 4:12:39 PM", 253, 2, 10, 13, 12, 1
355, 10, 0, 0, "Jul 29, 2013 4:12:41 PM", 0, 0, 0, 0, 0, 1
356, 10, 1, 114, "Jul 29, 2013 4:12:44 PM", 114, 0, 21, 24, 28, 1
357, 10, 1, 808, "Jul 29, 2013 4:12:46 PM", 808, 0, 75, 72, 82, 1
358, 10, 1, 777, "Jul 29, 2013 4:12:48 PM", 777, 1, 78, 68, 73, 1
359, 10, 1, 221, "Jul 29, 2013 4:12:50 PM", 221, 0, 11, 10, 10, 1
360, 10, 0, 0, "Jul 29, 2013 4:12:52 PM", 0, 0, 0, 0, 0, 1
361, 10, 1, 101, "Jul 29, 2013 4:12:54 PM", 101, 0, 16, 17, 18, 1
362, 10, 6, 528, "Jul 29, 2013 4:12:56 PM", 528, 184631, 67, 54, 84, 1
363, 10, 7, 536, "Jul 29, 2013 4:12:58 PM", 536, 181644, 77, 69, 76, 1
364, 10, 9, 106, "Jul 29, 2013 4:13:00 PM", 106, 73052, 10, 9, 7, 1
365, 10, 0, 0, "Jul 29, 2013 4:13:02 PM", 0, 0, 0, 0, 0, 1
366, 10, 1, 138, "Jul 29, 2013 4:13:04 PM", 138, 0, 27, 25, 25, 1
367, 10, 1, 782, "Jul 29, 2013 4:13:06 PM", 782, 0, 84, 75, 76, 1
368, 10, 7, 535, "Jul 29, 2013 4:13:08 PM", 535, 0, 53, 56, 49, 1
369, 10, 1, 139, "Jul 29, 2013 4:13:10 PM", 139, 0, 4, 5, 3, 1
370, 10, 0, 0, "Jul 29, 2013 4:13:12 PM", 0, 0, 0, 0, 0, 1
371, 10, 1, 131, "Jul 29, 2013 4:13:14 PM", 131, 0, 25, 30, 28, 1
372, 10, 3, 680, "Jul 29, 2013 4:13:16 PM", 680, 137867, 67, 73, 70, 1
373, 10, 5, 576, "Jul 29, 2013 4:13:18 PM", 576, 89885, 71, 54, 50, 1
374, 10, 3, 86, "Jul 29, 2013 4:13:20 PM", 86, 33226, 4, 3, 2, 1
375, 10, 0, 0, "Jul 29, 2013 4:13:22 PM", 0, 0, 0, 0, 0, 1
376, 10, 1, 140, "Jul 29, 2013 4:13:24 PM", 140, 0, 30, 29, 24, 1
377, 10, 6, 520, "Jul 29, 2013 4:13:26 PM", 520, 186237, 62, 56, 69, 1
378, 10, 7, 496, "Jul 29, 2013 4:13:28 PM", 496, 165876, 68, 62, 57, 1
379, 10, 9, 48, "Jul 29, 2013 4:13:30 PM", 48, 35451, 0, 3, 3, 1
380, 10, 0, 0, "Jul 29, 2013 4:13:32 PM", 0, 0, 0, 0, 0, 1
381, 10, 1, 145, "Jul 29, 2013 4:13:34 PM", 145, 0, 30, 25, 33, 1
382, 10, 1, 796, "Jul 29, 2013 4:13:36 PM", 796, 0, 69, 69, 71, 1
383, 10, 1, 777, "Jul 29, 2013 4:13:38 PM", 777, 2, 59, 77, 65, 1
384, 10, 1, 40, "Jul 29, 2013 4:13:40 PM", 40, 0, 0, 0, 0, 1
385, 10, 0, 0, "Jul 29, 2013 4:13:42 PM", 0, 0, 0, 0, 0, 1
386, 10, 1, 153, "Jul 29, 2013 4:13:44 PM", 153, 0, 31, 35, 25, 1
387, 10, 3, 679, "Jul 29, 2013 4:13:46 PM", 679, 141723, 68, 61, 73, 1
388, 10, 3, 618, "Jul 29, 2013 4:13:48 PM", 618, 146932, 74, 65, 62, 1
389, 10, 3, 9, "Jul 29, 2013 4:13:50 PM", 9, 4614, 0, 0, 0, 1
390, 10, 0, 0, "Jul 29, 2013 4:13:52 PM", 0, 0, 0, 0, 0, 1
391, 10, 2, 172, "Jul 29, 2013 4:13:54 PM", 172, 14716, 42, 30, 41, 1
392, 10, 6, 535, "Jul 29, 2013 4:13:56 PM", 535, 187459, 71, 74, 75, 1
393, 10, 6, 525, "Jul 29, 2013 4:13:58 PM", 525, 196735, 55, 70, 66, 1
394, 10, 0, 0, "Jul 29, 2013 4:14:00 PM", 0, 0, 0, 0, 0, 1
395, 10, 0, 0, "Jul 29, 2013 4:14:02 PM", 0, 0, 0, 0, 0, 1
396, 10, 1, 177, "Jul 29, 2013 4:14:04 PM", 177, 0, 29, 41, 35, 1
397, 10, 1, 780, "Jul 29, 2013 4:14:06 PM", 780, 0, 74, 60, 60, 1
398, 10, 1, 776, "Jul 29, 2013 4:14:08 PM", 776, 0, 61, 56, 58, 1
399, 10, 0, 0, "Jul 29, 2013 4:14:10 PM", 0, 0, 0, 0, 0, 1
400, 10, 0, 0, "Jul 29, 2013 4:14:12 PM", 0, 0, 0, 0, 0, 1
401, 10, 2, 181, "Jul 29, 2013 4:14:14 PM", 181, 22590, 32, 24, 24, 1
402, 10, 3, 665, "Jul 29, 2013 4:14:16 PM", 665, 130737, 85, 72, 74, 1
403, 10, 4, 608, "Jul 29, 2013 4:14:18 PM", 608, 146872, 63, 52, 57, 1
404, 10, 0, 0, "Jul 29, 2013 4:14:20 PM", 0, 0, 0, 0, 0, 1
405, 10, 0, 0, "Jul 29, 2013 4:14:22 PM", 0, 0, 0, 0, 0, 1
406, 10, 2, 148, "Jul 29, 2013 4:14:24 PM", 148, 20958, 31, 31, 26, 1
407, 10, 6, 553, "Jul 29, 2013 4:14:26 PM", 553, 193197, 63, 77, 72, 1
408, 10, 7, 484, "Jul 29, 2013 4:14:28 PM", 484, 197273, 50, 58, 63, 1
409, 10, 0, 0, "Jul 29, 2013 4:14:30 PM", 0, 0, 0, 0, 0, 1
410, 10, 0, 0, "Jul 29, 2013 4:14:32 PM", 0, 0, 0, 0, 0, 1
411, 10, 1, 320, "Jul 29, 2013 4:14:34 PM", 320, 0, 32, 43, 37, 1
412, 10, 1, 805, "Jul 29, 2013 4:14:36 PM", 805, 0, 73, 71, 55, 1
413, 10, 1, 711, "Jul 29, 2013 4:14:38 PM", 711, 0, 52, 47, 47, 1
414, 10, 0, 0, "Jul 29, 2013 4:14:40 PM", 0, 0, 0, 0, 0, 1
415, 10, 0, 0, "Jul 29, 2013 4:14:42 PM", 0, 0, 0, 0, 0, 1
416, 10, 2, 202, "Jul 29, 2013 4:14:44 PM", 202, 26035, 33, 24, 37, 1
417, 10, 3, 672, "Jul 29, 2013 4:14:46 PM", 672, 142522, 73, 50, 63, 1
418, 10, 3, 607, "Jul 29, 2013 4:14:48 PM", 607, 158236, 56, 41, 48, 1
419, 10, 0, 0, "Jul 29, 2013 4:14:50 PM", 0, 0, 0, 0, 0, 1
420, 10, 0, 0, "Jul 29, 2013 4:14:53 PM", 0, 0, 0, 0, 0, 1
421, 10, 5, 237, "Jul 29, 2013 4:14:55 PM", 237, 73877, 30, 27, 27, 1
422, 10, 7, 530, "Jul 29, 2013 4:14:57 PM", 530, 180323, 77, 69, 61, 1
423, 10, 7, 461, "Jul 29, 2013 4:14:59 PM", 461, 196990, 36, 47, 43, 1
424, 10, 0, 0, "Jul 29, 2013 4:15:01 PM", 0, 0, 0, 0, 0, 1
425, 10, 0, 0, "Jul 29, 2013 4:15:03 PM", 0, 0, 0, 0, 0, 1
426, 10, 1, 411, "Jul 29, 2013 4:15:05 PM", 411, 0, 44, 44, 36, 1
427, 10, 1, 800, "Jul 29, 2013 4:15:07 PM", 800, 0, 76, 69, 66, 1
428, 10, 1, 685, "Jul 29, 2013 4:15:09 PM", 685, 0, 48, 52, 50, 1
429, 10, 0, 0, "Jul 29, 2013 4:15:11 PM", 0, 0, 0, 0, 0, 1
430, 10, 0, 0, "Jul 29, 2013 4:15:13 PM", 0, 0, 0, 0, 0, 1
431, 10, 3, 332, "Jul 29, 2013 4:15:15 PM", 332, 46418, 35, 46, 35, 1
432, 10, 3, 624, "Jul 29, 2013 4:15:17 PM", 624, 142517, 42, 61, 60, 1
433, 10, 3, 571, "Jul 29, 2013 4:15:19 PM", 571, 150196, 39, 36, 51, 1
434, 10, 0, 0, "Jul 29, 2013 4:15:21 PM", 0, 0, 0, 0, 0, 1
435, 10, 0, 0, "Jul 29, 2013 4:15:23 PM", 0, 0, 0, 0, 0, 1
436, 10, 5, 305, "Jul 29, 2013 4:15:25 PM", 305, 83495, 42, 51, 41, 1
437, 10, 6, 538, "Jul 29, 2013 4:15:27 PM", 538, 198199, 67, 65, 65, 1
438, 10, 7, 427, "Jul 29, 2013 4:15:29 PM", 427, 202731, 50, 41, 43, 1
439, 10, 0, 0, "Jul 29, 2013 4:15:31 PM", 0, 0, 0, 0, 0, 1
440, 10, 0, 0, "Jul 29, 2013 4:15:33 PM", 0, 0, 0, 0, 0, 1
441, 10, 1, 469, "Jul 29, 2013 4:15:35 PM", 469, 0, 44, 50, 44, 1
442, 10, 1, 646, "Jul 29, 2013 4:15:37 PM", 646, 0, 38, 43, 46, 1
443, 10, 1, 666, "Jul 29, 2013 4:15:39 PM", 666, 0, 37, 43, 45, 1
444, 10, 0, 0, "Jul 29, 2013 4:15:41 PM", 0, 0, 0, 0, 0, 1
445, 10, 0, 0, "Jul 29, 2013 4:15:43 PM", 0, 0, 0, 0, 0, 1
446, 10, 3, 383, "Jul 29, 2013 4:15:45 PM", 383, 76904, 47, 48, 51, 1
447, 10, 3, 633, "Jul 29, 2013 4:15:47 PM", 633, 137498, 61, 70, 75, 1
448, 10, 3, 561, "Jul 29, 2013 4:15:49 PM", 561, 151552, 42, 52, 34, 1
449, 10, 0, 0, "Jul 29, 2013 4:15:51 PM", 0, 0, 0, 0, 0, 1
450, 10, 0, 0, "Jul 29, 2013 4:15:53 PM", 0, 0, 0, 0, 0, 1
451, 10, 5, 309, "Jul 29, 2013 4:15:55 PM", 309, 101145, 34, 47, 42, 1
452, 10, 7, 506, "Jul 29, 2013 4:15:57 PM", 506, 179092, 59, 65, 65, 1
453, 10, 7, 429, "Jul 29, 2013 4:15:59 PM", 429, 213973, 45, 39, 43, 1
454, 10, 0, 0, "Jul 29, 2013 4:16:01 PM", 0, 0, 0, 0, 0, 1
455, 10, 0, 0, "Jul 29, 2013 4:16:03 PM", 0, 0, 0, 0, 0, 1
456, 10, 1, 665, "Jul 29, 2013 4:16:05 PM", 665, 0, 56, 55, 52, 1
457, 10, 1, 658, "Jul 29, 2013 4:16:07 PM", 658, 4, 49, 50, 51, 1
458, 10, 1, 696, "Jul 29, 2013 4:16:09 PM", 696, 2, 48, 37, 40, 1
459, 10, 0, 0, "Jul 29, 2013 4:16:11 PM", 0, 0, 0, 0, 0, 1
460, 10, 0, 0, "Jul 29, 2013 4:16:13 PM", 0, 0, 0, 0, 0, 1
461, 10, 3, 554, "Jul 29, 2013 4:16:15 PM", 554, 112174, 63, 55, 58, 1
462, 10, 4, 625, "Jul 29, 2013 4:16:17 PM", 625, 125903, 75, 67, 70, 1
463, 10, 3, 532, "Jul 29, 2013 4:16:19 PM", 532, 134827, 42, 56, 38, 1
464, 10, 0, 0, "Jul 29, 2013 4:16:21 PM", 0, 0, 0, 0, 0, 1
465, 10, 1, 33, "Jul 29, 2013 4:16:23 PM", 33, 0, 4, 5, 6, 1
466, 10, 7, 454, "Jul 29, 2013 4:16:25 PM", 454, 153487, 53, 52, 49, 1
467, 10, 7, 519, "Jul 29, 2013 4:16:27 PM", 519, 181774, 74, 62, 54, 1
468, 10, 7, 406, "Jul 29, 2013 4:16:29 PM", 406, 199272, 29, 45, 41, 1
469, 10, 0, 0, "Jul 29, 2013 4:16:31 PM", 0, 0, 0, 0, 0, 1
470, 10, 1, 42, "Jul 29, 2013 4:16:33 PM", 42, 0, 11, 9, 10, 1
471, 10, 1, 811, "Jul 29, 2013 4:16:35 PM", 811, 4, 75, 77, 63, 1
472, 10, 1, 830, "Jul 29, 2013 4:16:37 PM", 830, 0, 69, 88, 69, 1
473, 10, 1, 589, "Jul 29, 2013 4:16:39 PM", 589, 4, 40, 37, 34, 1
474, 10, 0, 0, "Jul 29, 2013 4:16:41 PM", 0, 0, 0, 0, 0, 1
475, 10, 1, 2, "Jul 29, 2013 4:16:43 PM", 2, 0, 1, 2, 0, 1
476, 10, 3, 681, "Jul 29, 2013 4:16:45 PM", 681, 136453, 65, 73, 70, 1
477, 10, 3, 696, "Jul 29, 2013 4:16:47 PM", 696, 143315, 68, 84, 59, 1
478, 10, 3, 451, "Jul 29, 2013 4:16:49 PM", 451, 116332, 47, 35, 34, 1
479, 10, 0, 0, "Jul 29, 2013 4:16:51 PM", 0, 0, 0, 0, 0, 1
480, 10, 0, 0, "Jul 29, 2013 4:16:53 PM", 0, 0, 0, 0, 0, 1
481, 10, 7, 522, "Jul 29, 2013 4:16:55 PM", 522, 191192, 60, 60, 62, 1
482, 10, 7, 529, "Jul 29, 2013 4:16:57 PM", 529, 170229, 61, 64, 76, 1
483, 10, 13, 205, "Jul 29, 2013 4:17:00 PM", 205, 127623, 14, 15, 12, 1
484, 10, 0, 0, "Jul 29, 2013 4:17:02 PM", 0, 0, 0, 0, 0, 1
485, 10, 0, 0, "Jul 29, 2013 4:17:04 PM", 0, 0, 0, 0, 0, 1
486, 10, 1, 793, "Jul 29, 2013 4:17:06 PM", 793, 2, 84, 74, 68, 1
487, 10, 1, 754, "Jul 29, 2013 4:17:08 PM", 754, 2, 69, 62, 68, 1
488, 10, 1, 463, "Jul 29, 2013 4:17:10 PM", 463, 0, 23, 33, 29, 1
489, 10, 0, 0, "Jul 29, 2013 4:17:12 PM", 0, 0, 0, 0, 0, 1
490, 10, 1, 3, "Jul 29, 2013 4:17:14 PM", 3, 0, 0, 0, 1, 1
491, 10, 3, 670, "Jul 29, 2013 4:17:16 PM", 670, 136343, 69, 71, 82, 1
492, 10, 3, 672, "Jul 29, 2013 4:17:18 PM", 672, 142356, 72, 69, 73, 1
493, 10, 3, 340, "Jul 29, 2013 4:17:20 PM", 340, 96039, 31, 33, 32, 1
494, 10, 0, 0, "Jul 29, 2013 4:17:22 PM", 0, 0, 0, 0, 0, 1
495, 10, 2, 1, "Jul 29, 2013 4:17:24 PM", 1, 0, 1, 0, 0, 1
496, 10, 7, 507, "Jul 29, 2013 4:17:26 PM", 507, 176447, 62, 66, 67, 1
497, 10, 7, 544, "Jul 29, 2013 4:17:28 PM", 544, 184728, 85, 65, 80, 1
498, 10, 6, 259, "Jul 29, 2013 4:17:30 PM", 259, 120536, 27, 29, 28, 1
499, 10, 0, 0, "Jul 29, 2013 4:17:32 PM", 0, 0, 0, 0, 0, 1
500, 10, 1, 5, "Jul 29, 2013 4:17:34 PM", 5, 0, 1, 2, 0, 1
501, 10, 1, 724, "Jul 29, 2013 4:17:36 PM", 724, 2, 63, 62, 65, 1
502, 10, 1, 721, "Jul 29, 2013 4:17:38 PM", 721, 4, 54, 54, 71, 1
503, 10, 1, 341, "Jul 29, 2013 4:17:40 PM", 341, 0, 23, 29, 34, 1
504, 10, 0, 0, "Jul 29, 2013 4:17:42 PM", 0, 0, 0, 0, 0, 1
505, 10, 1, 28, "Jul 29, 2013 4:17:44 PM", 28, 0, 3, 3, 7, 1
506, 10, 4, 655, "Jul 29, 2013 4:17:46 PM", 655, 126636, 63, 76, 73, 1
507, 10, 4, 664, "Jul 29, 2013 4:17:48 PM", 664, 121139, 80, 70, 73, 1
508, 10, 7, 214, "Jul 29, 2013 4:17:50 PM", 214, 45218, 25, 17, 25, 1
509, 10, 0, 0, "Jul 29, 2013 4:17:52 PM", 0, 0, 0, 0, 0, 1
510, 10, 1, 42, "Jul 29, 2013 4:17:54 PM", 42, 0, 9, 12, 8, 1
511, 10, 6, 574, "Jul 29, 2013 4:17:56 PM", 574, 194740, 79, 73, 57, 1
512, 10, 7, 522, "Jul 29, 2013 4:17:58 PM", 522, 178409, 64, 64, 74, 1
513, 10, 8, 146, "Jul 29, 2013 4:18:00 PM", 146, 58778, 17, 20, 18, 1
514, 10, 0, 0, "Jul 29, 2013 4:18:02 PM", 0, 0, 0, 0, 0, 1
515, 10, 1, 37, "Jul 29, 2013 4:18:04 PM", 37, 0, 8, 9, 10, 1
516, 10, 1, 743, "Jul 29, 2013 4:18:06 PM", 743, 0, 62, 58, 60, 1
517, 10, 1, 814, "Jul 29, 2013 4:18:08 PM", 814, 0, 70, 75, 63, 1
518, 10, 1, 187, "Jul 29, 2013 4:18:10 PM", 187, 0, 13, 14, 13, 1
519, 10, 0, 0, "Jul 29, 2013 4:18:12 PM", 0, 0, 0, 0, 0, 1
520, 10, 1, 51, "Jul 29, 2013 4:18:14 PM", 51, 0, 11, 7, 7, 1
521, 10, 4, 584, "Jul 29, 2013 4:18:16 PM", 584, 125364, 40, 49, 60, 1
522, 10, 4, 567, "Jul 29, 2013 4:18:18 PM", 567, 120936, 53, 47, 58, 1
523, 10, 3, 114, "Jul 29, 2013 4:18:20 PM", 114, 21769, 9, 5, 11, 1
524, 10, 0, 0, "Jul 29, 2013 4:18:22 PM", 0, 0, 0, 0, 0, 1
525, 10, 1, 49, "Jul 29, 2013 4:18:24 PM", 49, 0, 9, 8, 11, 1
526, 10, 4, 513, "Jul 29, 2013 4:18:26 PM", 513, 85694, 57, 55, 48, 1
527, 10, 3, 525, "Jul 29, 2013 4:18:28 PM", 525, 89980, 63, 46, 47, 1
528, 10, 3, 82, "Jul 29, 2013 4:18:30 PM", 82, 14897, 9, 14, 12, 1
529, 10, 0, 0, "Jul 29, 2013 4:18:32 PM", 0, 0, 0, 0, 0, 1
530, 10, 1, 116, "Jul 29, 2013 4:18:34 PM", 116, 3701, 28, 35, 23, 1
531, 10, 2, 727, "Jul 29, 2013 4:18:36 PM", 727, 45270, 61, 66, 62, 1
532, 10, 2, 745, "Jul 29, 2013 4:18:38 PM", 745, 43068, 70, 70, 73, 1
533, 10, 1, 118, "Jul 29, 2013 4:18:40 PM", 118, 0, 12, 17, 15, 1
534, 10, 0, 0, "Jul 29, 2013 4:18:42 PM", 0, 0, 0, 0, 0, 1
535, 10, 1, 117, "Jul 29, 2013 4:18:44 PM", 117, 7941, 30, 23, 26, 1
536, 10, 4, 628, "Jul 29, 2013 4:18:46 PM", 628, 117907, 69, 63, 61, 1
537, 10, 4, 607, "Jul 29, 2013 4:18:48 PM", 607, 121620, 54, 65, 66, 1
538, 10, 2, 72, "Jul 29, 2013 4:18:50 PM", 72, 2751, 6, 13, 7, 1
539, 10, 0, 0, "Jul 29, 2013 4:18:52 PM", 0, 0, 0, 0, 0, 1
540, 10, 1, 126, "Jul 29, 2013 4:18:54 PM", 126, 10415, 14, 25, 22, 1
541, 10, 8, 485, "Jul 29, 2013 4:18:56 PM", 485, 167006, 72, 49, 69, 1
542, 10, 8, 486, "Jul 29, 2013 4:18:58 PM", 486, 161325, 64, 50, 59, 1
543, 10, 1, 38, "Jul 29, 2013 4:19:00 PM", 38, 0, 5, 8, 7, 1
544, 10, 0, 0, "Jul 29, 2013 4:19:02 PM", 0, 0, 0, 0, 0, 1
545, 10, 1, 146, "Jul 29, 2013 4:19:04 PM", 146, 0, 34, 33, 24, 1
546, 10, 1, 646, "Jul 29, 2013 4:19:06 PM", 646, 0, 49, 53, 51, 1
547, 10, 1, 775, "Jul 29, 2013 4:19:08 PM", 775, 2, 71, 65, 80, 1
548, 10, 1, 30, "Jul 29, 2013 4:19:11 PM", 30, 0, 6, 7, 5, 1
549, 10, 0, 0, "Jul 29, 2013 4:19:13 PM", 0, 0, 0, 0, 0, 1
550, 10, 2, 162, "Jul 29, 2013 4:19:15 PM", 162, 18670, 26, 28, 29, 1
551, 10, 4, 625, "Jul 29, 2013 4:19:17 PM", 625, 121443, 70, 70, 52, 1
552, 10, 4, 628, "Jul 29, 2013 4:19:19 PM", 628, 128218, 75, 64, 60, 1
553, 10, 1, 25, "Jul 29, 2013 4:19:21 PM", 25, 0, 4, 5, 5, 1
554, 10, 0, 0, "Jul 29, 2013 4:19:23 PM", 0, 0, 0, 0, 0, 1
555, 10, 2, 171, "Jul 29, 2013 4:19:25 PM", 171, 18819, 28, 23, 40, 1
556, 10, 9, 476, "Jul 29, 2013 4:19:27 PM", 476, 155572, 68, 71, 58, 1
557, 10, 8, 486, "Jul 29, 2013 4:19:29 PM", 486, 157646, 68, 73, 49, 1
558, 10, 1, 15, "Jul 29, 2013 4:19:31 PM", 15, 0, 3, 3, 2, 1
559, 10, 0, 0, "Jul 29, 2013 4:19:33 PM", 0, 0, 0, 0, 0, 1
560, 10, 1, 268, "Jul 29, 2013 4:19:35 PM", 268, 0, 31, 26, 19, 1
561, 10, 1, 736, "Jul 29, 2013 4:19:37 PM", 736, 0, 61, 66, 60, 1
562, 10, 1, 760, "Jul 29, 2013 4:19:39 PM", 760, 0, 69, 62, 74, 1
563, 10, 1, 11, "Jul 29, 2013 4:19:41 PM", 11, 0, 2, 2, 5, 1
564, 10, 0, 0, "Jul 29, 2013 4:19:43 PM", 0, 0, 0, 0, 0, 1
565, 10, 3, 195, "Jul 29, 2013 4:19:45 PM", 195, 31660, 20, 27, 27, 1
566, 10, 5, 584, "Jul 29, 2013 4:19:47 PM", 584, 104954, 57, 59, 59, 1
567, 10, 4, 580, "Jul 29, 2013 4:19:49 PM", 580, 114085, 54, 52, 51, 1
568, 10, 1, 5, "Jul 29, 2013 4:19:51 PM", 5, 0, 0, 0, 1, 1
569, 10, 0, 0, "Jul 29, 2013 4:19:53 PM", 0, 0, 0, 0, 0, 1
570, 10, 6, 209, "Jul 29, 2013 4:19:55 PM", 209, 47669, 34, 31, 45, 1
571, 10, 9, 473, "Jul 29, 2013 4:19:57 PM", 473, 155180, 67, 56, 56, 1
572, 10, 9, 422, "Jul 29, 2013 4:19:59 PM", 422, 140968, 64, 60, 68, 1
573, 10, 2, 1, "Jul 29, 2013 4:20:01 PM", 1, 0, 0, 0, 0, 1
574, 10, 0, 0, "Jul 29, 2013 4:20:03 PM", 0, 0, 0, 0, 0, 1
575, 10, 1, 392, "Jul 29, 2013 4:20:05 PM", 392, 0, 43, 38, 38, 1
576, 10, 1, 749, "Jul 29, 2013 4:20:07 PM", 749, 6, 66, 80, 67, 1
577, 10, 1, 723, "Jul 29, 2013 4:20:09 PM", 723, 0, 68, 44, 55, 1
578, 10, 0, 0, "Jul 29, 2013 4:20:11 PM", 0, 0, 0, 0, 0, 1
579, 10, 0, 0, "Jul 29, 2013 4:20:13 PM", 0, 0, 0, 0, 0, 1
580, 10, 3, 226, "Jul 29, 2013 4:20:15 PM", 226, 40217, 34, 31, 33, 1
581, 10, 4, 602, "Jul 29, 2013 4:20:17 PM", 602, 113514, 67, 58, 65, 1
582, 10, 4, 578, "Jul 29, 2013 4:20:19 PM", 578, 127715, 62, 63, 62, 1
583, 10, 0, 0, "Jul 29, 2013 4:20:21 PM", 0, 0, 0, 0, 0, 1
584, 10, 0, 0, "Jul 29, 2013 4:20:23 PM", 0, 0, 0, 0, 0, 1
585, 10, 8, 298, "Jul 29, 2013 4:20:25 PM", 298, 100080, 41, 49, 38, 1
586, 10, 9, 463, "Jul 29, 2013 4:20:27 PM", 463, 136282, 58, 58, 56, 1
587, 10, 10, 419, "Jul 29, 2013 4:20:29 PM", 419, 152497, 50, 50, 50, 1
588, 10, 0, 0, "Jul 29, 2013 4:20:31 PM", 0, 0, 0, 0, 0, 1
589, 10, 0, 0, "Jul 29, 2013 4:20:33 PM", 0, 0, 0, 0, 0, 1
590, 10, 1, 522, "Jul 29, 2013 4:20:35 PM", 522, 0, 47, 50, 48, 1
591, 10, 2, 746, "Jul 29, 2013 4:20:37 PM", 746, 0, 66, 52, 70, 1
592, 10, 1, 686, "Jul 29, 2013 4:20:39 PM", 686, 0, 64, 50, 58, 1
593, 10, 0, 0, "Jul 29, 2013 4:20:41 PM", 0, 0, 0, 0, 0, 1
594, 10, 0, 0, "Jul 29, 2013 4:20:43 PM", 0, 0, 0, 0, 0, 1
595, 10, 4, 378, "Jul 29, 2013 4:20:45 PM", 378, 79896, 39, 40, 38, 1
596, 10, 4, 628, "Jul 29, 2013 4:20:47 PM", 628, 110569, 65, 62, 69, 1
597, 10, 4, 526, "Jul 29, 2013 4:20:49 PM", 526, 128032, 51, 50, 39, 1
598, 10, 0, 0, "Jul 29, 2013 4:20:51 PM", 0, 0, 0, 0, 0, 1
599, 10, 0, 0, "Jul 29, 2013 4:20:53 PM", 0, 0, 0, 0, 0, 1
600, 10, 7, 332, "Jul 29, 2013 4:20:55 PM", 332, 121335, 44, 47, 41, 1
600, 10, 3, 2147483647, "Total", 374857, 62385713, 38060, 38235, 37740, 0
